<?xml version="1.0" encoding="UTF-8"?>
<!-- Generated by org.testng.reporters.JUnitReportReporter -->
<testsuite hostname="letian-PC" name="practicetwo.groups.practice3OnTesting" tests="2" failures="0" timestamp="11 Feb 2015 03:35:57 GMT" time="0.012" errors="0">
  <testcase name="testgroup2" time="0.001" classname="practicetwo.groups.practice3OnTesting"/>
  <testcase name="testgroup1" time="0.011" classname="practicetwo.groups.practice3OnTesting"/>
</testsuite> <!-- practicetwo.groups.practice3OnTesting -->
