<?xml version="1.0" encoding="UTF-8"?>
<!-- Generated by org.testng.reporters.JUnitReportReporter -->
<testsuite hostname="letian-PC" name="practicetwo.LaunchChrome" tests="1" failures="0" timestamp="2 Feb 2015 11:25:40 GMT" time="4.927" errors="0">
  <testcase name="searchOnBaidu" time="4.927" classname="practicetwo.LaunchChrome"/>
</testsuite> <!-- practicetwo.LaunchChrome -->
