<?xml version="1.0" encoding="UTF-8"?>
<!-- Generated by org.testng.reporters.JUnitReportReporter -->
<testsuite hostname="sunjian-HP" name="practicefour.Practice1OnTestNG" tests="1" failures="0" timestamp="17 May 2014 12:39:55 GMT" time="0.013" errors="0">
  <testcase name="test" time="0.013" classname="practicefour.Practice1OnTestNG"/>
</testsuite> <!-- practicefour.Practice1OnTestNG -->
