<?xml version="1.0" encoding="UTF-8"?>
<!-- Generated by org.testng.reporters.JUnitReportReporter -->
<testsuite hostname="letian-PC" name="practicetwo.LaunchFF" tests="1" failures="0" timestamp="31 Jan 2015 02:33:29 GMT" time="6.051" errors="0">
  <testcase name="searchOnBaidu" time="6.051" classname="practicetwo.LaunchFF"/>
</testsuite> <!-- practicetwo.LaunchFF -->
