<?xml version="1.0" encoding="UTF-8"?>
<!-- Generated by org.testng.reporters.JUnitReportReporter -->
<testsuite hostname="letian-PC" name="practicetwo.LaunchIE" tests="1" failures="0" timestamp="29 Jan 2015 10:55:52 GMT" time="7.829" errors="0">
  <testcase name="searchOnBaidu" time="7.829" classname="practicetwo.LaunchIE"/>
</testsuite> <!-- practicetwo.LaunchIE -->
