<?xml version="1.0" encoding="UTF-8"?>
<!-- Generated by org.testng.reporters.JUnitReportReporter -->
<testsuite hostname="letian-PC" name="practicefour.homework.Mail126DotCom" tests="3" failures="3" timestamp="9 Mar 2015 08:04:37 GMT" time="0.002" errors="0">
  <testcase name="restriveMailsIn" time="0.001" classname="practicefour.homework.Mail126DotCom">
    <failure type="org.openqa.selenium.WebDriverException" message="Failed to connect to binary FirefoxBinary(C:\Program Files (x86)\Mozilla Firefox\firefox.exe) on port 7055; process output follows: 

1425888231106	addons.xpi	DEBUG	No changes found
1425888231110	addons.xpi	DEBUG	Registering manifest for C:\Users\ADMINI~1\AppData\Local\Temp\anonymous1901464903074090662webdriver-profile\extensions\firebug@software.joehewitt.com
1425888231110	addons.xpi	DEBUG	Loading bootstrap scope from C:\Users\ADMINI~1\AppData\Local\Temp\anonymous1901464903074090662webdriver-profile\extensions\firebug@software.joehewitt.com
1425888231114	addons.xpi	DEBUG	Calling bootstrap method startup on firebug@software.joehewitt.com version 2.0.7
1425888231170	addons.manager	DEBUG	Registering shutdown blocker for XPIProvider
1425888231171	addons.manager	DEBUG	Registering shutdown blocker for LightweightThemeManager
1425888231172	addons.manager	DEBUG	Registering shutdown blocker for OpenH264Provider
1425888231172	addons.manager	DEBUG	Registering shutdown blocker for PluginProvider
JavaScript error: file:///C:/Users/ADMINI~1/AppData/Local/Temp/anonymous1901464903074090662webdriver-profile/extensions/cpmanager@mozillaonline.com/components/mozCNGuard.js, line 350: TypeError: w.gBrowser is null
JavaScript warning: resource://addoninstaller/log4moz.js, line 494: mutating the [[Prototype]] of an object will cause your code to run very slowly; instead create the object with the correct initial [[Prototype]] value using Object.create
1425888232866	addons.manager	DEBUG	Registering shutdown blocker for &lt;unnamed-provider&gt;
*** Blocklist::_loadBlocklistFromFile: blocklist is disabled
1425888234265	addons.xpi-utils	DEBUG	Starting async load of XPI database C:\Users\ADMINI~1\AppData\Local\Temp\anonymous1901464903074090662webdriver-profile\extensions.json
JavaScript error: file:///C:/Users/ADMINI~1/AppData/Local/Temp/anonymous1901464903074090662webdriver-profile/extensions/fxdriver@googlecode.com/components/driver-component.js, line 11487: TypeError: this.server_ is undefined
JavaScript error: chrome://fxdriver/content/server.js, line 38: NS_ERROR_XPC_CI_RETURNED_FAILURE: Component returned failure code: 0x80570015 (NS_ERROR_XPC_CI_RETURNED_FAILURE) [nsIJSCID.createInstance]
JavaScript error: chrome://coba/content/overlay.js, line 126: ReferenceError: ex is not defined
JavaScript error: chrome://coba/content/overlay.js, line 126: ReferenceError: ex is not defined
1425888235061	addons.xpi-utils	DEBUG	Async JSON file read took 0 MS
1425888235061	addons.xpi-utils	DEBUG	Finished async read of XPI database, parsing...
1425888235063	addons.xpi-utils	DEBUG	Successfully read XPI database
JavaScript error: chrome://coba/content/overlay.js, line 126: ReferenceError: ex is not defined
1425888236103	addons.repository	DEBUG	No addons.json found.
1425888236104	DeferredSave.addons.json	DEBUG	Save changes
1425888236106	DeferredSave.addons.json	DEBUG	Starting timer
1425888236562	DeferredSave.addons.json	DEBUG	Starting write
1425888236590	DeferredSave.addons.json	DEBUG	Write succeeded
JavaScript error: chrome://coba/content/overlay.js, line 126: ReferenceError: ex is not defined
JavaScript error: chrome://coba/content/overlay.js, line 126: ReferenceError: ex is not defined
JavaScript error: chrome://coba/content/overlay.js, line 126: ReferenceError: ex is not defined
JavaScript error: chrome://cmpfs/content/overlay-pfs.js, line 206: ReferenceError: eventHandler is not defined
1425888241472	addons.xpi	DEBUG	Calling bootstrap method shutdown on firebug@software.joehewitt.com version 2.0.7
1425888241650	addons.manager	DEBUG	shutdown
1425888241650	addons.manager	DEBUG	Calling shutdown blocker for XPIProvider
1425888241650	addons.xpi	DEBUG	shutdown
1425888241650	addons.xpi-utils	DEBUG	shutdown
1425888241651	addons.manager	DEBUG	Calling shutdown blocker for LightweightThemeManager
1425888241651	addons.manager	DEBUG	Calling shutdown blocker for OpenH264Provider
1425888241652	addons.manager	DEBUG	Calling shutdown blocker for PluginProvider
1425888241652	addons.manager	DEBUG	Calling shutdown blocker for &lt;unnamed-provider&gt;
1425888241654	addons.xpi	DEBUG	Notifying XPI shutdown observers
1425888241655	addons.manager	DEBUG	Async provider shutdown done

Build info: version: &#039;2.44.0&#039;, revision: &#039;76d78cf323ce037c5f92db6c1bba601c2ac43ad8&#039;, time: &#039;2014-10-23 13:11:40&#039;
System info: host: &#039;letian-PC&#039;, ip: &#039;192.168.10.119&#039;, os.name: &#039;Windows 7&#039;, os.arch: &#039;amd64&#039;, os.version: &#039;6.1&#039;, java.version: &#039;1.8.0_25&#039;
Driver info: driver.version: FirefoxDriver">
      <![CDATA[org.openqa.selenium.WebDriverException: Failed to connect to binary FirefoxBinary(C:\Program Files (x86)\Mozilla Firefox\firefox.exe) on port 7055; process output follows: 

1425888231106	addons.xpi	DEBUG	No changes found
1425888231110	addons.xpi	DEBUG	Registering manifest for C:\Users\ADMINI~1\AppData\Local\Temp\anonymous1901464903074090662webdriver-profile\extensions\firebug@software.joehewitt.com
1425888231110	addons.xpi	DEBUG	Loading bootstrap scope from C:\Users\ADMINI~1\AppData\Local\Temp\anonymous1901464903074090662webdriver-profile\extensions\firebug@software.joehewitt.com
1425888231114	addons.xpi	DEBUG	Calling bootstrap method startup on firebug@software.joehewitt.com version 2.0.7
1425888231170	addons.manager	DEBUG	Registering shutdown blocker for XPIProvider
1425888231171	addons.manager	DEBUG	Registering shutdown blocker for LightweightThemeManager
1425888231172	addons.manager	DEBUG	Registering shutdown blocker for OpenH264Provider
1425888231172	addons.manager	DEBUG	Registering shutdown blocker for PluginProvider
JavaScript error: file:///C:/Users/ADMINI~1/AppData/Local/Temp/anonymous1901464903074090662webdriver-profile/extensions/cpmanager@mozillaonline.com/components/mozCNGuard.js, line 350: TypeError: w.gBrowser is null
JavaScript warning: resource://addoninstaller/log4moz.js, line 494: mutating the [[Prototype]] of an object will cause your code to run very slowly; instead create the object with the correct initial [[Prototype]] value using Object.create
1425888232866	addons.manager	DEBUG	Registering shutdown blocker for <unnamed-provider>
*** Blocklist::_loadBlocklistFromFile: blocklist is disabled
1425888234265	addons.xpi-utils	DEBUG	Starting async load of XPI database C:\Users\ADMINI~1\AppData\Local\Temp\anonymous1901464903074090662webdriver-profile\extensions.json
JavaScript error: file:///C:/Users/ADMINI~1/AppData/Local/Temp/anonymous1901464903074090662webdriver-profile/extensions/fxdriver@googlecode.com/components/driver-component.js, line 11487: TypeError: this.server_ is undefined
JavaScript error: chrome://fxdriver/content/server.js, line 38: NS_ERROR_XPC_CI_RETURNED_FAILURE: Component returned failure code: 0x80570015 (NS_ERROR_XPC_CI_RETURNED_FAILURE) [nsIJSCID.createInstance]
JavaScript error: chrome://coba/content/overlay.js, line 126: ReferenceError: ex is not defined
JavaScript error: chrome://coba/content/overlay.js, line 126: ReferenceError: ex is not defined
1425888235061	addons.xpi-utils	DEBUG	Async JSON file read took 0 MS
1425888235061	addons.xpi-utils	DEBUG	Finished async read of XPI database, parsing...
1425888235063	addons.xpi-utils	DEBUG	Successfully read XPI database
JavaScript error: chrome://coba/content/overlay.js, line 126: ReferenceError: ex is not defined
1425888236103	addons.repository	DEBUG	No addons.json found.
1425888236104	DeferredSave.addons.json	DEBUG	Save changes
1425888236106	DeferredSave.addons.json	DEBUG	Starting timer
1425888236562	DeferredSave.addons.json	DEBUG	Starting write
1425888236590	DeferredSave.addons.json	DEBUG	Write succeeded
JavaScript error: chrome://coba/content/overlay.js, line 126: ReferenceError: ex is not defined
JavaScript error: chrome://coba/content/overlay.js, line 126: ReferenceError: ex is not defined
JavaScript error: chrome://coba/content/overlay.js, line 126: ReferenceError: ex is not defined
JavaScript error: chrome://cmpfs/content/overlay-pfs.js, line 206: ReferenceError: eventHandler is not defined
1425888241472	addons.xpi	DEBUG	Calling bootstrap method shutdown on firebug@software.joehewitt.com version 2.0.7
1425888241650	addons.manager	DEBUG	shutdown
1425888241650	addons.manager	DEBUG	Calling shutdown blocker for XPIProvider
1425888241650	addons.xpi	DEBUG	shutdown
1425888241650	addons.xpi-utils	DEBUG	shutdown
1425888241651	addons.manager	DEBUG	Calling shutdown blocker for LightweightThemeManager
1425888241651	addons.manager	DEBUG	Calling shutdown blocker for OpenH264Provider
1425888241652	addons.manager	DEBUG	Calling shutdown blocker for PluginProvider
1425888241652	addons.manager	DEBUG	Calling shutdown blocker for <unnamed-provider>
1425888241654	addons.xpi	DEBUG	Notifying XPI shutdown observers
1425888241655	addons.manager	DEBUG	Async provider shutdown done

Build info: version: '2.44.0', revision: '76d78cf323ce037c5f92db6c1bba601c2ac43ad8', time: '2014-10-23 13:11:40'
System info: host: 'letian-PC', ip: '192.168.10.119', os.name: 'Windows 7', os.arch: 'amd64', os.version: '6.1', java.version: '1.8.0_25'
Driver info: driver.version: FirefoxDriver
	at org.openqa.selenium.firefox.internal.NewProfileExtensionConnection.start(NewProfileExtensionConnection.java:130)
	at org.openqa.selenium.firefox.FirefoxDriver.startClient(FirefoxDriver.java:246)
	at org.openqa.selenium.remote.RemoteWebDriver.<init>(RemoteWebDriver.java:114)
	at org.openqa.selenium.firefox.FirefoxDriver.<init>(FirefoxDriver.java:191)
	at org.openqa.selenium.firefox.FirefoxDriver.<init>(FirefoxDriver.java:186)
	at org.openqa.selenium.firefox.FirefoxDriver.<init>(FirefoxDriver.java:182)
	at org.openqa.selenium.firefox.FirefoxDriver.<init>(FirefoxDriver.java:99)
	at practicetwo.launch.Browsers.<init>(Browsers.java:40)
	at practicefour.homework.Mail126DotCom.inital(Mail126DotCom.java:25)
	at sun.reflect.NativeMethodAccessorImpl.invoke0(Native Method)
	at sun.reflect.NativeMethodAccessorImpl.invoke(Unknown Source)
	at sun.reflect.DelegatingMethodAccessorImpl.invoke(Unknown Source)
	at java.lang.reflect.Method.invoke(Unknown Source)
	at org.testng.internal.MethodInvocationHelper.invokeMethod(MethodInvocationHelper.java:84)
	at org.testng.internal.Invoker.invokeConfigurationMethod(Invoker.java:564)
	at org.testng.internal.Invoker.invokeConfigurations(Invoker.java:213)
	at org.testng.internal.Invoker.invokeConfigurations(Invoker.java:138)
	at org.testng.internal.TestMethodWorker.invokeBeforeClassMethods(TestMethodWorker.java:175)
	at org.testng.internal.TestMethodWorker.run(TestMethodWorker.java:107)
	at org.testng.TestRunner.privateRun(TestRunner.java:767)
	at org.testng.TestRunner.run(TestRunner.java:617)
	at org.testng.SuiteRunner.runTest(SuiteRunner.java:334)
	at org.testng.SuiteRunner.runSequentially(SuiteRunner.java:329)
	at org.testng.SuiteRunner.privateRun(SuiteRunner.java:291)
	at org.testng.SuiteRunner.run(SuiteRunner.java:240)
	at org.testng.SuiteRunnerWorker.runSuite(SuiteRunnerWorker.java:52)
	at org.testng.SuiteRunnerWorker.run(SuiteRunnerWorker.java:86)
	at org.testng.TestNG.runSuitesSequentially(TestNG.java:1224)
	at org.testng.TestNG.runSuitesLocally(TestNG.java:1149)
	at org.testng.TestNG.run(TestNG.java:1057)
	at org.testng.remote.RemoteTestNG.run(RemoteTestNG.java:111)
	at org.testng.remote.RemoteTestNG.initAndRun(RemoteTestNG.java:204)
	at org.testng.remote.RemoteTestNG.main(RemoteTestNG.java:175)
Caused by: org.openqa.selenium.firefox.NotConnectedException: Unable to connect to host 127.0.0.1 on port 7055 after 45000 ms. Firefox console output:

1425888231106	addons.xpi	DEBUG	No changes found
1425888231110	addons.xpi	DEBUG	Registering manifest for C:\Users\ADMINI~1\AppData\Local\Temp\anonymous1901464903074090662webdriver-profile\extensions\firebug@software.joehewitt.com
1425888231110	addons.xpi	DEBUG	Loading bootstrap scope from C:\Users\ADMINI~1\AppData\Local\Temp\anonymous1901464903074090662webdriver-profile\extensions\firebug@software.joehewitt.com
1425888231114	addons.xpi	DEBUG	Calling bootstrap method startup on firebug@software.joehewitt.com version 2.0.7
1425888231170	addons.manager	DEBUG	Registering shutdown blocker for XPIProvider
1425888231171	addons.manager	DEBUG	Registering shutdown blocker for LightweightThemeManager
1425888231172	addons.manager	DEBUG	Registering shutdown blocker for OpenH264Provider
1425888231172	addons.manager	DEBUG	Registering shutdown blocker for PluginProvider
JavaScript error: file:///C:/Users/ADMINI~1/AppData/Local/Temp/anonymous1901464903074090662webdriver-profile/extensions/cpmanager@mozillaonline.com/components/mozCNGuard.js, line 350: TypeError: w.gBrowser is null
JavaScript warning: resource://addoninstaller/log4moz.js, line 494: mutating the [[Prototype]] of an object will cause your code to run very slowly; instead create the object with the correct initial [[Prototype]] value using Object.create
1425888232866	addons.manager	DEBUG	Registering shutdown blocker for <unnamed-provider>
*** Blocklist::_loadBlocklistFromFile: blocklist is disabled
1425888234265	addons.xpi-utils	DEBUG	Starting async load of XPI database C:\Users\ADMINI~1\AppData\Local\Temp\anonymous1901464903074090662webdriver-profile\extensions.json
JavaScript error: file:///C:/Users/ADMINI~1/AppData/Local/Temp/anonymous1901464903074090662webdriver-profile/extensions/fxdriver@googlecode.com/components/driver-component.js, line 11487: TypeError: this.server_ is undefined
JavaScript error: chrome://fxdriver/content/server.js, line 38: NS_ERROR_XPC_CI_RETURNED_FAILURE: Component returned failure code: 0x80570015 (NS_ERROR_XPC_CI_RETURNED_FAILURE) [nsIJSCID.createInstance]
JavaScript error: chrome://coba/content/overlay.js, line 126: ReferenceError: ex is not defined
JavaScript error: chrome://coba/content/overlay.js, line 126: ReferenceError: ex is not defined
1425888235061	addons.xpi-utils	DEBUG	Async JSON file read took 0 MS
1425888235061	addons.xpi-utils	DEBUG	Finished async read of XPI database, parsing...
1425888235063	addons.xpi-utils	DEBUG	Successfully read XPI database
JavaScript error: chrome://coba/content/overlay.js, line 126: ReferenceError: ex is not defined
1425888236103	addons.repository	DEBUG	No addons.json found.
1425888236104	DeferredSave.addons.json	DEBUG	Save changes
1425888236106	DeferredSave.addons.json	DEBUG	Starting timer
1425888236562	DeferredSave.addons.json	DEBUG	Starting write
1425888236590	DeferredSave.addons.json	DEBUG	Write succeeded
JavaScript error: chrome://coba/content/overlay.js, line 126: ReferenceError: ex is not defined
JavaScript error: chrome://coba/content/overlay.js, line 126: ReferenceError: ex is not defined
JavaScript error: chrome://coba/content/overlay.js, line 126: ReferenceError: ex is not defined
JavaScript error: chrome://cmpfs/content/overlay-pfs.js, line 206: ReferenceError: eventHandler is not defined
1425888241472	addons.xpi	DEBUG	Calling bootstrap method shutdown on firebug@software.joehewitt.com version 2.0.7
1425888241650	addons.manager	DEBUG	shutdown
1425888241650	addons.manager	DEBUG	Calling shutdown blocker for XPIProvider
1425888241650	addons.xpi	DEBUG	shutdown
1425888241650	addons.xpi-utils	DEBUG	shutdown
1425888241651	addons.manager	DEBUG	Calling shutdown blocker for LightweightThemeManager
1425888241651	addons.manager	DEBUG	Calling shutdown blocker for OpenH264Provider
1425888241652	addons.manager	DEBUG	Calling shutdown blocker for PluginProvider
1425888241652	addons.manager	DEBUG	Calling shutdown blocker for <unnamed-provider>
1425888241654	addons.xpi	DEBUG	Notifying XPI shutdown observers
1425888241655	addons.manager	DEBUG	Async provider shutdown done

	at org.openqa.selenium.firefox.internal.NewProfileExtensionConnection.start(NewProfileExtensionConnection.java:118)
	... 32 more
]]>
    </failure>
  </testcase> <!-- restriveMailsIn -->
  <testcase name="login126Site" time="0.000" classname="practicefour.homework.Mail126DotCom">
    <failure type="org.openqa.selenium.WebDriverException" message="Failed to connect to binary FirefoxBinary(C:\Program Files (x86)\Mozilla Firefox\firefox.exe) on port 7055; process output follows: 

1425888231106	addons.xpi	DEBUG	No changes found
1425888231110	addons.xpi	DEBUG	Registering manifest for C:\Users\ADMINI~1\AppData\Local\Temp\anonymous1901464903074090662webdriver-profile\extensions\firebug@software.joehewitt.com
1425888231110	addons.xpi	DEBUG	Loading bootstrap scope from C:\Users\ADMINI~1\AppData\Local\Temp\anonymous1901464903074090662webdriver-profile\extensions\firebug@software.joehewitt.com
1425888231114	addons.xpi	DEBUG	Calling bootstrap method startup on firebug@software.joehewitt.com version 2.0.7
1425888231170	addons.manager	DEBUG	Registering shutdown blocker for XPIProvider
1425888231171	addons.manager	DEBUG	Registering shutdown blocker for LightweightThemeManager
1425888231172	addons.manager	DEBUG	Registering shutdown blocker for OpenH264Provider
1425888231172	addons.manager	DEBUG	Registering shutdown blocker for PluginProvider
JavaScript error: file:///C:/Users/ADMINI~1/AppData/Local/Temp/anonymous1901464903074090662webdriver-profile/extensions/cpmanager@mozillaonline.com/components/mozCNGuard.js, line 350: TypeError: w.gBrowser is null
JavaScript warning: resource://addoninstaller/log4moz.js, line 494: mutating the [[Prototype]] of an object will cause your code to run very slowly; instead create the object with the correct initial [[Prototype]] value using Object.create
1425888232866	addons.manager	DEBUG	Registering shutdown blocker for &lt;unnamed-provider&gt;
*** Blocklist::_loadBlocklistFromFile: blocklist is disabled
1425888234265	addons.xpi-utils	DEBUG	Starting async load of XPI database C:\Users\ADMINI~1\AppData\Local\Temp\anonymous1901464903074090662webdriver-profile\extensions.json
JavaScript error: file:///C:/Users/ADMINI~1/AppData/Local/Temp/anonymous1901464903074090662webdriver-profile/extensions/fxdriver@googlecode.com/components/driver-component.js, line 11487: TypeError: this.server_ is undefined
JavaScript error: chrome://fxdriver/content/server.js, line 38: NS_ERROR_XPC_CI_RETURNED_FAILURE: Component returned failure code: 0x80570015 (NS_ERROR_XPC_CI_RETURNED_FAILURE) [nsIJSCID.createInstance]
JavaScript error: chrome://coba/content/overlay.js, line 126: ReferenceError: ex is not defined
JavaScript error: chrome://coba/content/overlay.js, line 126: ReferenceError: ex is not defined
1425888235061	addons.xpi-utils	DEBUG	Async JSON file read took 0 MS
1425888235061	addons.xpi-utils	DEBUG	Finished async read of XPI database, parsing...
1425888235063	addons.xpi-utils	DEBUG	Successfully read XPI database
JavaScript error: chrome://coba/content/overlay.js, line 126: ReferenceError: ex is not defined
1425888236103	addons.repository	DEBUG	No addons.json found.
1425888236104	DeferredSave.addons.json	DEBUG	Save changes
1425888236106	DeferredSave.addons.json	DEBUG	Starting timer
1425888236562	DeferredSave.addons.json	DEBUG	Starting write
1425888236590	DeferredSave.addons.json	DEBUG	Write succeeded
JavaScript error: chrome://coba/content/overlay.js, line 126: ReferenceError: ex is not defined
JavaScript error: chrome://coba/content/overlay.js, line 126: ReferenceError: ex is not defined
JavaScript error: chrome://coba/content/overlay.js, line 126: ReferenceError: ex is not defined
JavaScript error: chrome://cmpfs/content/overlay-pfs.js, line 206: ReferenceError: eventHandler is not defined
1425888241472	addons.xpi	DEBUG	Calling bootstrap method shutdown on firebug@software.joehewitt.com version 2.0.7
1425888241650	addons.manager	DEBUG	shutdown
1425888241650	addons.manager	DEBUG	Calling shutdown blocker for XPIProvider
1425888241650	addons.xpi	DEBUG	shutdown
1425888241650	addons.xpi-utils	DEBUG	shutdown
1425888241651	addons.manager	DEBUG	Calling shutdown blocker for LightweightThemeManager
1425888241651	addons.manager	DEBUG	Calling shutdown blocker for OpenH264Provider
1425888241652	addons.manager	DEBUG	Calling shutdown blocker for PluginProvider
1425888241652	addons.manager	DEBUG	Calling shutdown blocker for &lt;unnamed-provider&gt;
1425888241654	addons.xpi	DEBUG	Notifying XPI shutdown observers
1425888241655	addons.manager	DEBUG	Async provider shutdown done

Build info: version: &#039;2.44.0&#039;, revision: &#039;76d78cf323ce037c5f92db6c1bba601c2ac43ad8&#039;, time: &#039;2014-10-23 13:11:40&#039;
System info: host: &#039;letian-PC&#039;, ip: &#039;192.168.10.119&#039;, os.name: &#039;Windows 7&#039;, os.arch: &#039;amd64&#039;, os.version: &#039;6.1&#039;, java.version: &#039;1.8.0_25&#039;
Driver info: driver.version: FirefoxDriver">
      <![CDATA[org.openqa.selenium.WebDriverException: Failed to connect to binary FirefoxBinary(C:\Program Files (x86)\Mozilla Firefox\firefox.exe) on port 7055; process output follows: 

1425888231106	addons.xpi	DEBUG	No changes found
1425888231110	addons.xpi	DEBUG	Registering manifest for C:\Users\ADMINI~1\AppData\Local\Temp\anonymous1901464903074090662webdriver-profile\extensions\firebug@software.joehewitt.com
1425888231110	addons.xpi	DEBUG	Loading bootstrap scope from C:\Users\ADMINI~1\AppData\Local\Temp\anonymous1901464903074090662webdriver-profile\extensions\firebug@software.joehewitt.com
1425888231114	addons.xpi	DEBUG	Calling bootstrap method startup on firebug@software.joehewitt.com version 2.0.7
1425888231170	addons.manager	DEBUG	Registering shutdown blocker for XPIProvider
1425888231171	addons.manager	DEBUG	Registering shutdown blocker for LightweightThemeManager
1425888231172	addons.manager	DEBUG	Registering shutdown blocker for OpenH264Provider
1425888231172	addons.manager	DEBUG	Registering shutdown blocker for PluginProvider
JavaScript error: file:///C:/Users/ADMINI~1/AppData/Local/Temp/anonymous1901464903074090662webdriver-profile/extensions/cpmanager@mozillaonline.com/components/mozCNGuard.js, line 350: TypeError: w.gBrowser is null
JavaScript warning: resource://addoninstaller/log4moz.js, line 494: mutating the [[Prototype]] of an object will cause your code to run very slowly; instead create the object with the correct initial [[Prototype]] value using Object.create
1425888232866	addons.manager	DEBUG	Registering shutdown blocker for <unnamed-provider>
*** Blocklist::_loadBlocklistFromFile: blocklist is disabled
1425888234265	addons.xpi-utils	DEBUG	Starting async load of XPI database C:\Users\ADMINI~1\AppData\Local\Temp\anonymous1901464903074090662webdriver-profile\extensions.json
JavaScript error: file:///C:/Users/ADMINI~1/AppData/Local/Temp/anonymous1901464903074090662webdriver-profile/extensions/fxdriver@googlecode.com/components/driver-component.js, line 11487: TypeError: this.server_ is undefined
JavaScript error: chrome://fxdriver/content/server.js, line 38: NS_ERROR_XPC_CI_RETURNED_FAILURE: Component returned failure code: 0x80570015 (NS_ERROR_XPC_CI_RETURNED_FAILURE) [nsIJSCID.createInstance]
JavaScript error: chrome://coba/content/overlay.js, line 126: ReferenceError: ex is not defined
JavaScript error: chrome://coba/content/overlay.js, line 126: ReferenceError: ex is not defined
1425888235061	addons.xpi-utils	DEBUG	Async JSON file read took 0 MS
1425888235061	addons.xpi-utils	DEBUG	Finished async read of XPI database, parsing...
1425888235063	addons.xpi-utils	DEBUG	Successfully read XPI database
JavaScript error: chrome://coba/content/overlay.js, line 126: ReferenceError: ex is not defined
1425888236103	addons.repository	DEBUG	No addons.json found.
1425888236104	DeferredSave.addons.json	DEBUG	Save changes
1425888236106	DeferredSave.addons.json	DEBUG	Starting timer
1425888236562	DeferredSave.addons.json	DEBUG	Starting write
1425888236590	DeferredSave.addons.json	DEBUG	Write succeeded
JavaScript error: chrome://coba/content/overlay.js, line 126: ReferenceError: ex is not defined
JavaScript error: chrome://coba/content/overlay.js, line 126: ReferenceError: ex is not defined
JavaScript error: chrome://coba/content/overlay.js, line 126: ReferenceError: ex is not defined
JavaScript error: chrome://cmpfs/content/overlay-pfs.js, line 206: ReferenceError: eventHandler is not defined
1425888241472	addons.xpi	DEBUG	Calling bootstrap method shutdown on firebug@software.joehewitt.com version 2.0.7
1425888241650	addons.manager	DEBUG	shutdown
1425888241650	addons.manager	DEBUG	Calling shutdown blocker for XPIProvider
1425888241650	addons.xpi	DEBUG	shutdown
1425888241650	addons.xpi-utils	DEBUG	shutdown
1425888241651	addons.manager	DEBUG	Calling shutdown blocker for LightweightThemeManager
1425888241651	addons.manager	DEBUG	Calling shutdown blocker for OpenH264Provider
1425888241652	addons.manager	DEBUG	Calling shutdown blocker for PluginProvider
1425888241652	addons.manager	DEBUG	Calling shutdown blocker for <unnamed-provider>
1425888241654	addons.xpi	DEBUG	Notifying XPI shutdown observers
1425888241655	addons.manager	DEBUG	Async provider shutdown done

Build info: version: '2.44.0', revision: '76d78cf323ce037c5f92db6c1bba601c2ac43ad8', time: '2014-10-23 13:11:40'
System info: host: 'letian-PC', ip: '192.168.10.119', os.name: 'Windows 7', os.arch: 'amd64', os.version: '6.1', java.version: '1.8.0_25'
Driver info: driver.version: FirefoxDriver
	at org.openqa.selenium.firefox.internal.NewProfileExtensionConnection.start(NewProfileExtensionConnection.java:130)
	at org.openqa.selenium.firefox.FirefoxDriver.startClient(FirefoxDriver.java:246)
	at org.openqa.selenium.remote.RemoteWebDriver.<init>(RemoteWebDriver.java:114)
	at org.openqa.selenium.firefox.FirefoxDriver.<init>(FirefoxDriver.java:191)
	at org.openqa.selenium.firefox.FirefoxDriver.<init>(FirefoxDriver.java:186)
	at org.openqa.selenium.firefox.FirefoxDriver.<init>(FirefoxDriver.java:182)
	at org.openqa.selenium.firefox.FirefoxDriver.<init>(FirefoxDriver.java:99)
	at practicetwo.launch.Browsers.<init>(Browsers.java:40)
	at practicefour.homework.Mail126DotCom.inital(Mail126DotCom.java:25)
	at sun.reflect.NativeMethodAccessorImpl.invoke0(Native Method)
	at sun.reflect.NativeMethodAccessorImpl.invoke(Unknown Source)
	at sun.reflect.DelegatingMethodAccessorImpl.invoke(Unknown Source)
	at java.lang.reflect.Method.invoke(Unknown Source)
	at org.testng.internal.MethodInvocationHelper.invokeMethod(MethodInvocationHelper.java:84)
	at org.testng.internal.Invoker.invokeConfigurationMethod(Invoker.java:564)
	at org.testng.internal.Invoker.invokeConfigurations(Invoker.java:213)
	at org.testng.internal.Invoker.invokeConfigurations(Invoker.java:138)
	at org.testng.internal.TestMethodWorker.invokeBeforeClassMethods(TestMethodWorker.java:175)
	at org.testng.internal.TestMethodWorker.run(TestMethodWorker.java:107)
	at org.testng.TestRunner.privateRun(TestRunner.java:767)
	at org.testng.TestRunner.run(TestRunner.java:617)
	at org.testng.SuiteRunner.runTest(SuiteRunner.java:334)
	at org.testng.SuiteRunner.runSequentially(SuiteRunner.java:329)
	at org.testng.SuiteRunner.privateRun(SuiteRunner.java:291)
	at org.testng.SuiteRunner.run(SuiteRunner.java:240)
	at org.testng.SuiteRunnerWorker.runSuite(SuiteRunnerWorker.java:52)
	at org.testng.SuiteRunnerWorker.run(SuiteRunnerWorker.java:86)
	at org.testng.TestNG.runSuitesSequentially(TestNG.java:1224)
	at org.testng.TestNG.runSuitesLocally(TestNG.java:1149)
	at org.testng.TestNG.run(TestNG.java:1057)
	at org.testng.remote.RemoteTestNG.run(RemoteTestNG.java:111)
	at org.testng.remote.RemoteTestNG.initAndRun(RemoteTestNG.java:204)
	at org.testng.remote.RemoteTestNG.main(RemoteTestNG.java:175)
Caused by: org.openqa.selenium.firefox.NotConnectedException: Unable to connect to host 127.0.0.1 on port 7055 after 45000 ms. Firefox console output:

1425888231106	addons.xpi	DEBUG	No changes found
1425888231110	addons.xpi	DEBUG	Registering manifest for C:\Users\ADMINI~1\AppData\Local\Temp\anonymous1901464903074090662webdriver-profile\extensions\firebug@software.joehewitt.com
1425888231110	addons.xpi	DEBUG	Loading bootstrap scope from C:\Users\ADMINI~1\AppData\Local\Temp\anonymous1901464903074090662webdriver-profile\extensions\firebug@software.joehewitt.com
1425888231114	addons.xpi	DEBUG	Calling bootstrap method startup on firebug@software.joehewitt.com version 2.0.7
1425888231170	addons.manager	DEBUG	Registering shutdown blocker for XPIProvider
1425888231171	addons.manager	DEBUG	Registering shutdown blocker for LightweightThemeManager
1425888231172	addons.manager	DEBUG	Registering shutdown blocker for OpenH264Provider
1425888231172	addons.manager	DEBUG	Registering shutdown blocker for PluginProvider
JavaScript error: file:///C:/Users/ADMINI~1/AppData/Local/Temp/anonymous1901464903074090662webdriver-profile/extensions/cpmanager@mozillaonline.com/components/mozCNGuard.js, line 350: TypeError: w.gBrowser is null
JavaScript warning: resource://addoninstaller/log4moz.js, line 494: mutating the [[Prototype]] of an object will cause your code to run very slowly; instead create the object with the correct initial [[Prototype]] value using Object.create
1425888232866	addons.manager	DEBUG	Registering shutdown blocker for <unnamed-provider>
*** Blocklist::_loadBlocklistFromFile: blocklist is disabled
1425888234265	addons.xpi-utils	DEBUG	Starting async load of XPI database C:\Users\ADMINI~1\AppData\Local\Temp\anonymous1901464903074090662webdriver-profile\extensions.json
JavaScript error: file:///C:/Users/ADMINI~1/AppData/Local/Temp/anonymous1901464903074090662webdriver-profile/extensions/fxdriver@googlecode.com/components/driver-component.js, line 11487: TypeError: this.server_ is undefined
JavaScript error: chrome://fxdriver/content/server.js, line 38: NS_ERROR_XPC_CI_RETURNED_FAILURE: Component returned failure code: 0x80570015 (NS_ERROR_XPC_CI_RETURNED_FAILURE) [nsIJSCID.createInstance]
JavaScript error: chrome://coba/content/overlay.js, line 126: ReferenceError: ex is not defined
JavaScript error: chrome://coba/content/overlay.js, line 126: ReferenceError: ex is not defined
1425888235061	addons.xpi-utils	DEBUG	Async JSON file read took 0 MS
1425888235061	addons.xpi-utils	DEBUG	Finished async read of XPI database, parsing...
1425888235063	addons.xpi-utils	DEBUG	Successfully read XPI database
JavaScript error: chrome://coba/content/overlay.js, line 126: ReferenceError: ex is not defined
1425888236103	addons.repository	DEBUG	No addons.json found.
1425888236104	DeferredSave.addons.json	DEBUG	Save changes
1425888236106	DeferredSave.addons.json	DEBUG	Starting timer
1425888236562	DeferredSave.addons.json	DEBUG	Starting write
1425888236590	DeferredSave.addons.json	DEBUG	Write succeeded
JavaScript error: chrome://coba/content/overlay.js, line 126: ReferenceError: ex is not defined
JavaScript error: chrome://coba/content/overlay.js, line 126: ReferenceError: ex is not defined
JavaScript error: chrome://coba/content/overlay.js, line 126: ReferenceError: ex is not defined
JavaScript error: chrome://cmpfs/content/overlay-pfs.js, line 206: ReferenceError: eventHandler is not defined
1425888241472	addons.xpi	DEBUG	Calling bootstrap method shutdown on firebug@software.joehewitt.com version 2.0.7
1425888241650	addons.manager	DEBUG	shutdown
1425888241650	addons.manager	DEBUG	Calling shutdown blocker for XPIProvider
1425888241650	addons.xpi	DEBUG	shutdown
1425888241650	addons.xpi-utils	DEBUG	shutdown
1425888241651	addons.manager	DEBUG	Calling shutdown blocker for LightweightThemeManager
1425888241651	addons.manager	DEBUG	Calling shutdown blocker for OpenH264Provider
1425888241652	addons.manager	DEBUG	Calling shutdown blocker for PluginProvider
1425888241652	addons.manager	DEBUG	Calling shutdown blocker for <unnamed-provider>
1425888241654	addons.xpi	DEBUG	Notifying XPI shutdown observers
1425888241655	addons.manager	DEBUG	Async provider shutdown done

	at org.openqa.selenium.firefox.internal.NewProfileExtensionConnection.start(NewProfileExtensionConnection.java:118)
	... 32 more
]]>
    </failure>
  </testcase> <!-- login126Site -->
  <testcase name="upload" time="0.001" classname="practicefour.homework.Mail126DotCom">
    <failure type="org.openqa.selenium.WebDriverException" message="Failed to connect to binary FirefoxBinary(C:\Program Files (x86)\Mozilla Firefox\firefox.exe) on port 7055; process output follows: 

1425888231106	addons.xpi	DEBUG	No changes found
1425888231110	addons.xpi	DEBUG	Registering manifest for C:\Users\ADMINI~1\AppData\Local\Temp\anonymous1901464903074090662webdriver-profile\extensions\firebug@software.joehewitt.com
1425888231110	addons.xpi	DEBUG	Loading bootstrap scope from C:\Users\ADMINI~1\AppData\Local\Temp\anonymous1901464903074090662webdriver-profile\extensions\firebug@software.joehewitt.com
1425888231114	addons.xpi	DEBUG	Calling bootstrap method startup on firebug@software.joehewitt.com version 2.0.7
1425888231170	addons.manager	DEBUG	Registering shutdown blocker for XPIProvider
1425888231171	addons.manager	DEBUG	Registering shutdown blocker for LightweightThemeManager
1425888231172	addons.manager	DEBUG	Registering shutdown blocker for OpenH264Provider
1425888231172	addons.manager	DEBUG	Registering shutdown blocker for PluginProvider
JavaScript error: file:///C:/Users/ADMINI~1/AppData/Local/Temp/anonymous1901464903074090662webdriver-profile/extensions/cpmanager@mozillaonline.com/components/mozCNGuard.js, line 350: TypeError: w.gBrowser is null
JavaScript warning: resource://addoninstaller/log4moz.js, line 494: mutating the [[Prototype]] of an object will cause your code to run very slowly; instead create the object with the correct initial [[Prototype]] value using Object.create
1425888232866	addons.manager	DEBUG	Registering shutdown blocker for &lt;unnamed-provider&gt;
*** Blocklist::_loadBlocklistFromFile: blocklist is disabled
1425888234265	addons.xpi-utils	DEBUG	Starting async load of XPI database C:\Users\ADMINI~1\AppData\Local\Temp\anonymous1901464903074090662webdriver-profile\extensions.json
JavaScript error: file:///C:/Users/ADMINI~1/AppData/Local/Temp/anonymous1901464903074090662webdriver-profile/extensions/fxdriver@googlecode.com/components/driver-component.js, line 11487: TypeError: this.server_ is undefined
JavaScript error: chrome://fxdriver/content/server.js, line 38: NS_ERROR_XPC_CI_RETURNED_FAILURE: Component returned failure code: 0x80570015 (NS_ERROR_XPC_CI_RETURNED_FAILURE) [nsIJSCID.createInstance]
JavaScript error: chrome://coba/content/overlay.js, line 126: ReferenceError: ex is not defined
JavaScript error: chrome://coba/content/overlay.js, line 126: ReferenceError: ex is not defined
1425888235061	addons.xpi-utils	DEBUG	Async JSON file read took 0 MS
1425888235061	addons.xpi-utils	DEBUG	Finished async read of XPI database, parsing...
1425888235063	addons.xpi-utils	DEBUG	Successfully read XPI database
JavaScript error: chrome://coba/content/overlay.js, line 126: ReferenceError: ex is not defined
1425888236103	addons.repository	DEBUG	No addons.json found.
1425888236104	DeferredSave.addons.json	DEBUG	Save changes
1425888236106	DeferredSave.addons.json	DEBUG	Starting timer
1425888236562	DeferredSave.addons.json	DEBUG	Starting write
1425888236590	DeferredSave.addons.json	DEBUG	Write succeeded
JavaScript error: chrome://coba/content/overlay.js, line 126: ReferenceError: ex is not defined
JavaScript error: chrome://coba/content/overlay.js, line 126: ReferenceError: ex is not defined
JavaScript error: chrome://coba/content/overlay.js, line 126: ReferenceError: ex is not defined
JavaScript error: chrome://cmpfs/content/overlay-pfs.js, line 206: ReferenceError: eventHandler is not defined
1425888241472	addons.xpi	DEBUG	Calling bootstrap method shutdown on firebug@software.joehewitt.com version 2.0.7
1425888241650	addons.manager	DEBUG	shutdown
1425888241650	addons.manager	DEBUG	Calling shutdown blocker for XPIProvider
1425888241650	addons.xpi	DEBUG	shutdown
1425888241650	addons.xpi-utils	DEBUG	shutdown
1425888241651	addons.manager	DEBUG	Calling shutdown blocker for LightweightThemeManager
1425888241651	addons.manager	DEBUG	Calling shutdown blocker for OpenH264Provider
1425888241652	addons.manager	DEBUG	Calling shutdown blocker for PluginProvider
1425888241652	addons.manager	DEBUG	Calling shutdown blocker for &lt;unnamed-provider&gt;
1425888241654	addons.xpi	DEBUG	Notifying XPI shutdown observers
1425888241655	addons.manager	DEBUG	Async provider shutdown done

Build info: version: &#039;2.44.0&#039;, revision: &#039;76d78cf323ce037c5f92db6c1bba601c2ac43ad8&#039;, time: &#039;2014-10-23 13:11:40&#039;
System info: host: &#039;letian-PC&#039;, ip: &#039;192.168.10.119&#039;, os.name: &#039;Windows 7&#039;, os.arch: &#039;amd64&#039;, os.version: &#039;6.1&#039;, java.version: &#039;1.8.0_25&#039;
Driver info: driver.version: FirefoxDriver">
      <![CDATA[org.openqa.selenium.WebDriverException: Failed to connect to binary FirefoxBinary(C:\Program Files (x86)\Mozilla Firefox\firefox.exe) on port 7055; process output follows: 

1425888231106	addons.xpi	DEBUG	No changes found
1425888231110	addons.xpi	DEBUG	Registering manifest for C:\Users\ADMINI~1\AppData\Local\Temp\anonymous1901464903074090662webdriver-profile\extensions\firebug@software.joehewitt.com
1425888231110	addons.xpi	DEBUG	Loading bootstrap scope from C:\Users\ADMINI~1\AppData\Local\Temp\anonymous1901464903074090662webdriver-profile\extensions\firebug@software.joehewitt.com
1425888231114	addons.xpi	DEBUG	Calling bootstrap method startup on firebug@software.joehewitt.com version 2.0.7
1425888231170	addons.manager	DEBUG	Registering shutdown blocker for XPIProvider
1425888231171	addons.manager	DEBUG	Registering shutdown blocker for LightweightThemeManager
1425888231172	addons.manager	DEBUG	Registering shutdown blocker for OpenH264Provider
1425888231172	addons.manager	DEBUG	Registering shutdown blocker for PluginProvider
JavaScript error: file:///C:/Users/ADMINI~1/AppData/Local/Temp/anonymous1901464903074090662webdriver-profile/extensions/cpmanager@mozillaonline.com/components/mozCNGuard.js, line 350: TypeError: w.gBrowser is null
JavaScript warning: resource://addoninstaller/log4moz.js, line 494: mutating the [[Prototype]] of an object will cause your code to run very slowly; instead create the object with the correct initial [[Prototype]] value using Object.create
1425888232866	addons.manager	DEBUG	Registering shutdown blocker for <unnamed-provider>
*** Blocklist::_loadBlocklistFromFile: blocklist is disabled
1425888234265	addons.xpi-utils	DEBUG	Starting async load of XPI database C:\Users\ADMINI~1\AppData\Local\Temp\anonymous1901464903074090662webdriver-profile\extensions.json
JavaScript error: file:///C:/Users/ADMINI~1/AppData/Local/Temp/anonymous1901464903074090662webdriver-profile/extensions/fxdriver@googlecode.com/components/driver-component.js, line 11487: TypeError: this.server_ is undefined
JavaScript error: chrome://fxdriver/content/server.js, line 38: NS_ERROR_XPC_CI_RETURNED_FAILURE: Component returned failure code: 0x80570015 (NS_ERROR_XPC_CI_RETURNED_FAILURE) [nsIJSCID.createInstance]
JavaScript error: chrome://coba/content/overlay.js, line 126: ReferenceError: ex is not defined
JavaScript error: chrome://coba/content/overlay.js, line 126: ReferenceError: ex is not defined
1425888235061	addons.xpi-utils	DEBUG	Async JSON file read took 0 MS
1425888235061	addons.xpi-utils	DEBUG	Finished async read of XPI database, parsing...
1425888235063	addons.xpi-utils	DEBUG	Successfully read XPI database
JavaScript error: chrome://coba/content/overlay.js, line 126: ReferenceError: ex is not defined
1425888236103	addons.repository	DEBUG	No addons.json found.
1425888236104	DeferredSave.addons.json	DEBUG	Save changes
1425888236106	DeferredSave.addons.json	DEBUG	Starting timer
1425888236562	DeferredSave.addons.json	DEBUG	Starting write
1425888236590	DeferredSave.addons.json	DEBUG	Write succeeded
JavaScript error: chrome://coba/content/overlay.js, line 126: ReferenceError: ex is not defined
JavaScript error: chrome://coba/content/overlay.js, line 126: ReferenceError: ex is not defined
JavaScript error: chrome://coba/content/overlay.js, line 126: ReferenceError: ex is not defined
JavaScript error: chrome://cmpfs/content/overlay-pfs.js, line 206: ReferenceError: eventHandler is not defined
1425888241472	addons.xpi	DEBUG	Calling bootstrap method shutdown on firebug@software.joehewitt.com version 2.0.7
1425888241650	addons.manager	DEBUG	shutdown
1425888241650	addons.manager	DEBUG	Calling shutdown blocker for XPIProvider
1425888241650	addons.xpi	DEBUG	shutdown
1425888241650	addons.xpi-utils	DEBUG	shutdown
1425888241651	addons.manager	DEBUG	Calling shutdown blocker for LightweightThemeManager
1425888241651	addons.manager	DEBUG	Calling shutdown blocker for OpenH264Provider
1425888241652	addons.manager	DEBUG	Calling shutdown blocker for PluginProvider
1425888241652	addons.manager	DEBUG	Calling shutdown blocker for <unnamed-provider>
1425888241654	addons.xpi	DEBUG	Notifying XPI shutdown observers
1425888241655	addons.manager	DEBUG	Async provider shutdown done

Build info: version: '2.44.0', revision: '76d78cf323ce037c5f92db6c1bba601c2ac43ad8', time: '2014-10-23 13:11:40'
System info: host: 'letian-PC', ip: '192.168.10.119', os.name: 'Windows 7', os.arch: 'amd64', os.version: '6.1', java.version: '1.8.0_25'
Driver info: driver.version: FirefoxDriver
	at org.openqa.selenium.firefox.internal.NewProfileExtensionConnection.start(NewProfileExtensionConnection.java:130)
	at org.openqa.selenium.firefox.FirefoxDriver.startClient(FirefoxDriver.java:246)
	at org.openqa.selenium.remote.RemoteWebDriver.<init>(RemoteWebDriver.java:114)
	at org.openqa.selenium.firefox.FirefoxDriver.<init>(FirefoxDriver.java:191)
	at org.openqa.selenium.firefox.FirefoxDriver.<init>(FirefoxDriver.java:186)
	at org.openqa.selenium.firefox.FirefoxDriver.<init>(FirefoxDriver.java:182)
	at org.openqa.selenium.firefox.FirefoxDriver.<init>(FirefoxDriver.java:99)
	at practicetwo.launch.Browsers.<init>(Browsers.java:40)
	at practicefour.homework.Mail126DotCom.inital(Mail126DotCom.java:25)
	at sun.reflect.NativeMethodAccessorImpl.invoke0(Native Method)
	at sun.reflect.NativeMethodAccessorImpl.invoke(Unknown Source)
	at sun.reflect.DelegatingMethodAccessorImpl.invoke(Unknown Source)
	at java.lang.reflect.Method.invoke(Unknown Source)
	at org.testng.internal.MethodInvocationHelper.invokeMethod(MethodInvocationHelper.java:84)
	at org.testng.internal.Invoker.invokeConfigurationMethod(Invoker.java:564)
	at org.testng.internal.Invoker.invokeConfigurations(Invoker.java:213)
	at org.testng.internal.Invoker.invokeConfigurations(Invoker.java:138)
	at org.testng.internal.TestMethodWorker.invokeBeforeClassMethods(TestMethodWorker.java:175)
	at org.testng.internal.TestMethodWorker.run(TestMethodWorker.java:107)
	at org.testng.TestRunner.privateRun(TestRunner.java:767)
	at org.testng.TestRunner.run(TestRunner.java:617)
	at org.testng.SuiteRunner.runTest(SuiteRunner.java:334)
	at org.testng.SuiteRunner.runSequentially(SuiteRunner.java:329)
	at org.testng.SuiteRunner.privateRun(SuiteRunner.java:291)
	at org.testng.SuiteRunner.run(SuiteRunner.java:240)
	at org.testng.SuiteRunnerWorker.runSuite(SuiteRunnerWorker.java:52)
	at org.testng.SuiteRunnerWorker.run(SuiteRunnerWorker.java:86)
	at org.testng.TestNG.runSuitesSequentially(TestNG.java:1224)
	at org.testng.TestNG.runSuitesLocally(TestNG.java:1149)
	at org.testng.TestNG.run(TestNG.java:1057)
	at org.testng.remote.RemoteTestNG.run(RemoteTestNG.java:111)
	at org.testng.remote.RemoteTestNG.initAndRun(RemoteTestNG.java:204)
	at org.testng.remote.RemoteTestNG.main(RemoteTestNG.java:175)
Caused by: org.openqa.selenium.firefox.NotConnectedException: Unable to connect to host 127.0.0.1 on port 7055 after 45000 ms. Firefox console output:

1425888231106	addons.xpi	DEBUG	No changes found
1425888231110	addons.xpi	DEBUG	Registering manifest for C:\Users\ADMINI~1\AppData\Local\Temp\anonymous1901464903074090662webdriver-profile\extensions\firebug@software.joehewitt.com
1425888231110	addons.xpi	DEBUG	Loading bootstrap scope from C:\Users\ADMINI~1\AppData\Local\Temp\anonymous1901464903074090662webdriver-profile\extensions\firebug@software.joehewitt.com
1425888231114	addons.xpi	DEBUG	Calling bootstrap method startup on firebug@software.joehewitt.com version 2.0.7
1425888231170	addons.manager	DEBUG	Registering shutdown blocker for XPIProvider
1425888231171	addons.manager	DEBUG	Registering shutdown blocker for LightweightThemeManager
1425888231172	addons.manager	DEBUG	Registering shutdown blocker for OpenH264Provider
1425888231172	addons.manager	DEBUG	Registering shutdown blocker for PluginProvider
JavaScript error: file:///C:/Users/ADMINI~1/AppData/Local/Temp/anonymous1901464903074090662webdriver-profile/extensions/cpmanager@mozillaonline.com/components/mozCNGuard.js, line 350: TypeError: w.gBrowser is null
JavaScript warning: resource://addoninstaller/log4moz.js, line 494: mutating the [[Prototype]] of an object will cause your code to run very slowly; instead create the object with the correct initial [[Prototype]] value using Object.create
1425888232866	addons.manager	DEBUG	Registering shutdown blocker for <unnamed-provider>
*** Blocklist::_loadBlocklistFromFile: blocklist is disabled
1425888234265	addons.xpi-utils	DEBUG	Starting async load of XPI database C:\Users\ADMINI~1\AppData\Local\Temp\anonymous1901464903074090662webdriver-profile\extensions.json
JavaScript error: file:///C:/Users/ADMINI~1/AppData/Local/Temp/anonymous1901464903074090662webdriver-profile/extensions/fxdriver@googlecode.com/components/driver-component.js, line 11487: TypeError: this.server_ is undefined
JavaScript error: chrome://fxdriver/content/server.js, line 38: NS_ERROR_XPC_CI_RETURNED_FAILURE: Component returned failure code: 0x80570015 (NS_ERROR_XPC_CI_RETURNED_FAILURE) [nsIJSCID.createInstance]
JavaScript error: chrome://coba/content/overlay.js, line 126: ReferenceError: ex is not defined
JavaScript error: chrome://coba/content/overlay.js, line 126: ReferenceError: ex is not defined
1425888235061	addons.xpi-utils	DEBUG	Async JSON file read took 0 MS
1425888235061	addons.xpi-utils	DEBUG	Finished async read of XPI database, parsing...
1425888235063	addons.xpi-utils	DEBUG	Successfully read XPI database
JavaScript error: chrome://coba/content/overlay.js, line 126: ReferenceError: ex is not defined
1425888236103	addons.repository	DEBUG	No addons.json found.
1425888236104	DeferredSave.addons.json	DEBUG	Save changes
1425888236106	DeferredSave.addons.json	DEBUG	Starting timer
1425888236562	DeferredSave.addons.json	DEBUG	Starting write
1425888236590	DeferredSave.addons.json	DEBUG	Write succeeded
JavaScript error: chrome://coba/content/overlay.js, line 126: ReferenceError: ex is not defined
JavaScript error: chrome://coba/content/overlay.js, line 126: ReferenceError: ex is not defined
JavaScript error: chrome://coba/content/overlay.js, line 126: ReferenceError: ex is not defined
JavaScript error: chrome://cmpfs/content/overlay-pfs.js, line 206: ReferenceError: eventHandler is not defined
1425888241472	addons.xpi	DEBUG	Calling bootstrap method shutdown on firebug@software.joehewitt.com version 2.0.7
1425888241650	addons.manager	DEBUG	shutdown
1425888241650	addons.manager	DEBUG	Calling shutdown blocker for XPIProvider
1425888241650	addons.xpi	DEBUG	shutdown
1425888241650	addons.xpi-utils	DEBUG	shutdown
1425888241651	addons.manager	DEBUG	Calling shutdown blocker for LightweightThemeManager
1425888241651	addons.manager	DEBUG	Calling shutdown blocker for OpenH264Provider
1425888241652	addons.manager	DEBUG	Calling shutdown blocker for PluginProvider
1425888241652	addons.manager	DEBUG	Calling shutdown blocker for <unnamed-provider>
1425888241654	addons.xpi	DEBUG	Notifying XPI shutdown observers
1425888241655	addons.manager	DEBUG	Async provider shutdown done

	at org.openqa.selenium.firefox.internal.NewProfileExtensionConnection.start(NewProfileExtensionConnection.java:118)
	... 32 more
]]>
    </failure>
  </testcase> <!-- upload -->
</testsuite> <!-- practicefour.homework.Mail126DotCom -->
