<?xml version="1.0" encoding="UTF-8"?>
<!-- Generated by org.testng.reporters.JUnitReportReporter -->
<testsuite hostname="letian-PC" name="practicetwo.homework.mutipleBrowser" tests="2" failures="0" timestamp="11 Feb 2015 09:23:39 GMT" time="22.510" errors="0">
  <testcase name="group_test_three" time="9.944" classname="practicetwo.homework.mutipleBrowser"/>
  <testcase name="group_test_two" time="12.566" classname="practicetwo.homework.mutipleBrowser"/>
</testsuite> <!-- practicetwo.homework.mutipleBrowser -->
