<?xml version="1.0" encoding="UTF-8"?>
<!-- Generated by org.testng.reporters.JUnitReportReporter -->
<testsuite hostname="letian-PC" name="practiceone.Practice1OnTestng" tests="2" failures="0" timestamp="9 Mar 2015 07:05:19 GMT" time="0.007" errors="0">
  <testcase name="test2" time="0.002" classname="practiceone.Practice1OnTestng"/>
  <testcase name="test1" time="0.005" classname="practiceone.Practice1OnTestng"/>
</testsuite> <!-- practiceone.Practice1OnTestng -->
